2024-07-09 20:01:40,810 [Worker-5: Loading available Gradle versions] INFO  o.e.b.c.i.u.g.PublishedGradleVersions - Gradle version information cache is up-to-date. Trying to read.
2024-07-13 14:34:59,252 [Worker-1: Loading available Gradle versions] INFO  o.e.b.c.i.u.g.PublishedGradleVersions - Gradle version information cache is out-of-date. Trying to update.
2024-07-13 21:38:04,325 [Worker-2: Loading available Gradle versions] INFO  o.e.b.c.i.u.g.PublishedGradleVersions - Gradle version information cache is up-to-date. Trying to read.
2024-07-14 11:05:13,826 [Worker-14: Loading available Gradle versions] INFO  o.e.b.c.i.u.g.PublishedGradleVersions - Gradle version information cache is up-to-date. Trying to read.
2024-07-23 20:44:04,445 [Worker-14: Loading available Gradle versions] INFO  o.e.b.c.i.u.g.PublishedGradleVersions - Gradle version information cache is out-of-date. Trying to update.
2024-07-23 21:01:59,695 [ModalContext] INFO  o.e.m.c.i.e.AbstractTransferListenerAdapter - Downloading https://repo.maven.apache.org/maven2/org/apache/maven/archetypes/maven-archetype-quickstart/1.1/maven-archetype-quickstart-1.1.pom
2024-07-23 21:01:59,722 [ModalContext] INFO  o.e.m.c.i.e.AbstractTransferListenerAdapter - Downloaded https://repo.maven.apache.org/maven2/org/apache/maven/archetypes/maven-archetype-quickstart/1.1/maven-archetype-quickstart-1.1.pom
2024-07-23 21:01:59,754 [ModalContext] INFO  o.e.m.c.i.e.AbstractTransferListenerAdapter - Downloading https://repo.maven.apache.org/maven2/org/apache/maven/archetypes/maven-archetype-bundles/4/maven-archetype-bundles-4.pom
2024-07-23 21:01:59,768 [ModalContext] INFO  o.e.m.c.i.e.AbstractTransferListenerAdapter - Downloaded https://repo.maven.apache.org/maven2/org/apache/maven/archetypes/maven-archetype-bundles/4/maven-archetype-bundles-4.pom
2024-07-23 21:01:59,807 [ModalContext] INFO  o.e.m.c.i.e.AbstractTransferListenerAdapter - Downloading https://repo.maven.apache.org/maven2/org/apache/maven/archetype/maven-archetype/2.0-alpha-5/maven-archetype-2.0-alpha-5.pom
2024-07-23 21:01:59,823 [ModalContext] INFO  o.e.m.c.i.e.AbstractTransferListenerAdapter - Downloaded https://repo.maven.apache.org/maven2/org/apache/maven/archetype/maven-archetype/2.0-alpha-5/maven-archetype-2.0-alpha-5.pom
2024-07-23 21:01:59,845 [ModalContext] INFO  o.e.m.c.i.e.AbstractTransferListenerAdapter - Downloading https://repo.maven.apache.org/maven2/org/apache/maven/maven-parent/16/maven-parent-16.pom
2024-07-23 21:01:59,874 [ModalContext] INFO  o.e.m.c.i.e.AbstractTransferListenerAdapter - Downloaded https://repo.maven.apache.org/maven2/org/apache/maven/maven-parent/16/maven-parent-16.pom
2024-07-23 21:01:59,923 [ModalContext] INFO  o.e.m.c.i.e.AbstractTransferListenerAdapter - Downloading https://repo.maven.apache.org/maven2/org/apache/apache/7/apache-7.pom
2024-07-23 21:01:59,946 [ModalContext] INFO  o.e.m.c.i.e.AbstractTransferListenerAdapter - Downloaded https://repo.maven.apache.org/maven2/org/apache/apache/7/apache-7.pom
2024-07-23 21:01:59,982 [ModalContext] INFO  o.e.m.c.i.e.AbstractTransferListenerAdapter - Downloading https://repo.maven.apache.org/maven2/org/apache/maven/archetypes/maven-archetype-quickstart/1.1/maven-archetype-quickstart-1.1.jar
2024-07-23 21:01:59,993 [ModalContext] INFO  o.e.m.c.i.e.AbstractTransferListenerAdapter - Downloaded https://repo.maven.apache.org/maven2/org/apache/maven/archetypes/maven-archetype-quickstart/1.1/maven-archetype-quickstart-1.1.jar
2024-07-23 21:02:45,648 [Worker-24: Launching mavenrun-0ec851b3-5bfb-4ea2-b39d-049a953e551f] INFO  o.eclipse.m2e.core.internal.Bundles - getClasspathEntries(Bundle=org.eclipse.m2e.maven.runtime_3.9.700.20240602-2313 [299])
2024-07-23 21:02:45,650 [Worker-24: Launching mavenrun-0ec851b3-5bfb-4ea2-b39d-049a953e551f] INFO  o.eclipse.m2e.core.internal.Bundles - 	Entry: C:\Users\이해창\.p2\pool\plugins\org.eclipse.m2e.maven.runtime_3.9.700.20240602-2313
2024-07-23 21:02:45,650 [Worker-24: Launching mavenrun-0ec851b3-5bfb-4ea2-b39d-049a953e551f] INFO  o.eclipse.m2e.core.internal.Bundles - 	Entry: C:\Users\이해창\.p2\pool\plugins\org.eclipse.m2e.maven.runtime_3.9.700.20240602-2313\jars\aopalliance-1.0.jar
2024-07-23 21:02:45,651 [Worker-24: Launching mavenrun-0ec851b3-5bfb-4ea2-b39d-049a953e551f] INFO  o.eclipse.m2e.core.internal.Bundles - 	Entry: C:\Users\이해창\.p2\pool\plugins\org.eclipse.m2e.maven.runtime_3.9.700.20240602-2313\jars\guice-5.1.0.jar
2024-07-23 21:02:45,651 [Worker-24: Launching mavenrun-0ec851b3-5bfb-4ea2-b39d-049a953e551f] INFO  o.eclipse.m2e.core.internal.Bundles - 	Entry: C:\Users\이해창\.p2\pool\plugins\org.eclipse.m2e.maven.runtime_3.9.700.20240602-2313\jars\httpclient-4.5.14.jar
2024-07-23 21:02:45,651 [Worker-24: Launching mavenrun-0ec851b3-5bfb-4ea2-b39d-049a953e551f] INFO  o.eclipse.m2e.core.internal.Bundles - 	Entry: C:\Users\이해창\.p2\pool\plugins\org.eclipse.m2e.maven.runtime_3.9.700.20240602-2313\jars\httpcore-4.4.16.jar
2024-07-23 21:02:45,651 [Worker-24: Launching mavenrun-0ec851b3-5bfb-4ea2-b39d-049a953e551f] INFO  o.eclipse.m2e.core.internal.Bundles - 	Entry: C:\Users\이해창\.p2\pool\plugins\org.eclipse.m2e.maven.runtime_3.9.700.20240602-2313\jars\jansi-2.4.1.jar
2024-07-23 21:02:45,651 [Worker-24: Launching mavenrun-0ec851b3-5bfb-4ea2-b39d-049a953e551f] INFO  o.eclipse.m2e.core.internal.Bundles - 	Entry: C:\Users\이해창\.p2\pool\plugins\org.eclipse.m2e.maven.runtime_3.9.700.20240602-2313\jars\jcl-over-slf4j-1.7.36.jar
2024-07-23 21:02:45,651 [Worker-24: Launching mavenrun-0ec851b3-5bfb-4ea2-b39d-049a953e551f] INFO  o.eclipse.m2e.core.internal.Bundles - 	Entry: C:\Users\이해창\.p2\pool\plugins\org.eclipse.m2e.maven.runtime_3.9.700.20240602-2313\jars\maven-artifact-3.9.7.jar
2024-07-23 21:02:45,652 [Worker-24: Launching mavenrun-0ec851b3-5bfb-4ea2-b39d-049a953e551f] INFO  o.eclipse.m2e.core.internal.Bundles - 	Entry: C:\Users\이해창\.p2\pool\plugins\org.eclipse.m2e.maven.runtime_3.9.700.20240602-2313\jars\maven-builder-support-3.9.7.jar
2024-07-23 21:02:45,652 [Worker-24: Launching mavenrun-0ec851b3-5bfb-4ea2-b39d-049a953e551f] INFO  o.eclipse.m2e.core.internal.Bundles - 	Entry: C:\Users\이해창\.p2\pool\plugins\org.eclipse.m2e.maven.runtime_3.9.700.20240602-2313\jars\maven-compat-3.9.7.jar
2024-07-23 21:02:45,652 [Worker-24: Launching mavenrun-0ec851b3-5bfb-4ea2-b39d-049a953e551f] INFO  o.eclipse.m2e.core.internal.Bundles - 	Entry: C:\Users\이해창\.p2\pool\plugins\org.eclipse.m2e.maven.runtime_3.9.700.20240602-2313\jars\maven-core-3.9.7.jar
2024-07-23 21:02:45,652 [Worker-24: Launching mavenrun-0ec851b3-5bfb-4ea2-b39d-049a953e551f] INFO  o.eclipse.m2e.core.internal.Bundles - 	Entry: C:\Users\이해창\.p2\pool\plugins\org.eclipse.m2e.maven.runtime_3.9.700.20240602-2313\jars\maven-embedder-3.9.7.jar
2024-07-23 21:02:45,652 [Worker-24: Launching mavenrun-0ec851b3-5bfb-4ea2-b39d-049a953e551f] INFO  o.eclipse.m2e.core.internal.Bundles - 	Entry: C:\Users\이해창\.p2\pool\plugins\org.eclipse.m2e.maven.runtime_3.9.700.20240602-2313\jars\maven-model-3.9.7.jar
2024-07-23 21:02:45,652 [Worker-24: Launching mavenrun-0ec851b3-5bfb-4ea2-b39d-049a953e551f] INFO  o.eclipse.m2e.core.internal.Bundles - 	Entry: C:\Users\이해창\.p2\pool\plugins\org.eclipse.m2e.maven.runtime_3.9.700.20240602-2313\jars\maven-model-builder-3.9.7.jar
2024-07-23 21:02:45,652 [Worker-24: Launching mavenrun-0ec851b3-5bfb-4ea2-b39d-049a953e551f] INFO  o.eclipse.m2e.core.internal.Bundles - 	Entry: C:\Users\이해창\.p2\pool\plugins\org.eclipse.m2e.maven.runtime_3.9.700.20240602-2313\jars\maven-plugin-api-3.9.7.jar
2024-07-23 21:02:45,652 [Worker-24: Launching mavenrun-0ec851b3-5bfb-4ea2-b39d-049a953e551f] INFO  o.eclipse.m2e.core.internal.Bundles - 	Entry: C:\Users\이해창\.p2\pool\plugins\org.eclipse.m2e.maven.runtime_3.9.700.20240602-2313\jars\maven-repository-metadata-3.9.7.jar
2024-07-23 21:02:45,652 [Worker-24: Launching mavenrun-0ec851b3-5bfb-4ea2-b39d-049a953e551f] INFO  o.eclipse.m2e.core.internal.Bundles - 	Entry: C:\Users\이해창\.p2\pool\plugins\org.eclipse.m2e.maven.runtime_3.9.700.20240602-2313\jars\maven-resolver-api-1.9.20.jar
2024-07-23 21:02:45,653 [Worker-24: Launching mavenrun-0ec851b3-5bfb-4ea2-b39d-049a953e551f] INFO  o.eclipse.m2e.core.internal.Bundles - 	Entry: C:\Users\이해창\.p2\pool\plugins\org.eclipse.m2e.maven.runtime_3.9.700.20240602-2313\jars\maven-resolver-connector-basic-1.9.20.jar
2024-07-23 21:02:45,653 [Worker-24: Launching mavenrun-0ec851b3-5bfb-4ea2-b39d-049a953e551f] INFO  o.eclipse.m2e.core.internal.Bundles - 	Entry: C:\Users\이해창\.p2\pool\plugins\org.eclipse.m2e.maven.runtime_3.9.700.20240602-2313\jars\maven-resolver-impl-1.9.20.jar
2024-07-23 21:02:45,653 [Worker-24: Launching mavenrun-0ec851b3-5bfb-4ea2-b39d-049a953e551f] INFO  o.eclipse.m2e.core.internal.Bundles - 	Entry: C:\Users\이해창\.p2\pool\plugins\org.eclipse.m2e.maven.runtime_3.9.700.20240602-2313\jars\maven-resolver-named-locks-1.9.20.jar
2024-07-23 21:02:45,653 [Worker-24: Launching mavenrun-0ec851b3-5bfb-4ea2-b39d-049a953e551f] INFO  o.eclipse.m2e.core.internal.Bundles - 	Entry: C:\Users\이해창\.p2\pool\plugins\org.eclipse.m2e.maven.runtime_3.9.700.20240602-2313\jars\maven-resolver-provider-3.9.7.jar
2024-07-23 21:02:45,653 [Worker-24: Launching mavenrun-0ec851b3-5bfb-4ea2-b39d-049a953e551f] INFO  o.eclipse.m2e.core.internal.Bundles - 	Entry: C:\Users\이해창\.p2\pool\plugins\org.eclipse.m2e.maven.runtime_3.9.700.20240602-2313\jars\maven-resolver-spi-1.9.20.jar
2024-07-23 21:02:45,653 [Worker-24: Launching mavenrun-0ec851b3-5bfb-4ea2-b39d-049a953e551f] INFO  o.eclipse.m2e.core.internal.Bundles - 	Entry: C:\Users\이해창\.p2\pool\plugins\org.eclipse.m2e.maven.runtime_3.9.700.20240602-2313\jars\maven-resolver-transport-file-1.9.20.jar
2024-07-23 21:02:45,653 [Worker-24: Launching mavenrun-0ec851b3-5bfb-4ea2-b39d-049a953e551f] INFO  o.eclipse.m2e.core.internal.Bundles - 	Entry: C:\Users\이해창\.p2\pool\plugins\org.eclipse.m2e.maven.runtime_3.9.700.20240602-2313\jars\maven-resolver-transport-http-1.9.20.jar
2024-07-23 21:02:45,653 [Worker-24: Launching mavenrun-0ec851b3-5bfb-4ea2-b39d-049a953e551f] INFO  o.eclipse.m2e.core.internal.Bundles - 	Entry: C:\Users\이해창\.p2\pool\plugins\org.eclipse.m2e.maven.runtime_3.9.700.20240602-2313\jars\maven-resolver-transport-wagon-1.9.20.jar
2024-07-23 21:02:45,653 [Worker-24: Launching mavenrun-0ec851b3-5bfb-4ea2-b39d-049a953e551f] INFO  o.eclipse.m2e.core.internal.Bundles - 	Entry: C:\Users\이해창\.p2\pool\plugins\org.eclipse.m2e.maven.runtime_3.9.700.20240602-2313\jars\maven-resolver-util-1.9.20.jar
2024-07-23 21:02:45,654 [Worker-24: Launching mavenrun-0ec851b3-5bfb-4ea2-b39d-049a953e551f] INFO  o.eclipse.m2e.core.internal.Bundles - 	Entry: C:\Users\이해창\.p2\pool\plugins\org.eclipse.m2e.maven.runtime_3.9.700.20240602-2313\jars\maven-settings-3.9.7.jar
2024-07-23 21:02:45,654 [Worker-24: Launching mavenrun-0ec851b3-5bfb-4ea2-b39d-049a953e551f] INFO  o.eclipse.m2e.core.internal.Bundles - 	Entry: C:\Users\이해창\.p2\pool\plugins\org.eclipse.m2e.maven.runtime_3.9.700.20240602-2313\jars\maven-settings-builder-3.9.7.jar
2024-07-23 21:02:45,654 [Worker-24: Launching mavenrun-0ec851b3-5bfb-4ea2-b39d-049a953e551f] INFO  o.eclipse.m2e.core.internal.Bundles - 	Entry: C:\Users\이해창\.p2\pool\plugins\org.eclipse.m2e.maven.runtime_3.9.700.20240602-2313\jars\maven-shared-utils-3.4.2.jar
2024-07-23 21:02:45,654 [Worker-24: Launching mavenrun-0ec851b3-5bfb-4ea2-b39d-049a953e551f] INFO  o.eclipse.m2e.core.internal.Bundles - 	Entry: C:\Users\이해창\.p2\pool\plugins\org.eclipse.m2e.maven.runtime_3.9.700.20240602-2313\jars\org.eclipse.sisu.inject-0.9.0.M2.jar
2024-07-23 21:02:45,654 [Worker-24: Launching mavenrun-0ec851b3-5bfb-4ea2-b39d-049a953e551f] INFO  o.eclipse.m2e.core.internal.Bundles - 	Entry: C:\Users\이해창\.p2\pool\plugins\org.eclipse.m2e.maven.runtime_3.9.700.20240602-2313\jars\org.eclipse.sisu.plexus-0.9.0.M2.jar
2024-07-23 21:02:45,654 [Worker-24: Launching mavenrun-0ec851b3-5bfb-4ea2-b39d-049a953e551f] INFO  o.eclipse.m2e.core.internal.Bundles - 	Entry: C:\Users\이해창\.p2\pool\plugins\org.eclipse.m2e.maven.runtime_3.9.700.20240602-2313\jars\plexus-build-api-0.0.7.jar
2024-07-23 21:02:45,654 [Worker-24: Launching mavenrun-0ec851b3-5bfb-4ea2-b39d-049a953e551f] INFO  o.eclipse.m2e.core.internal.Bundles - 	Entry: C:\Users\이해창\.p2\pool\plugins\org.eclipse.m2e.maven.runtime_3.9.700.20240602-2313\jars\plexus-build-api-1.2.0.jar
2024-07-23 21:02:45,654 [Worker-24: Launching mavenrun-0ec851b3-5bfb-4ea2-b39d-049a953e551f] INFO  o.eclipse.m2e.core.internal.Bundles - 	Entry: C:\Users\이해창\.p2\pool\plugins\org.eclipse.m2e.maven.runtime_3.9.700.20240602-2313\jars\plexus-cipher-2.0.jar
2024-07-23 21:02:45,655 [Worker-24: Launching mavenrun-0ec851b3-5bfb-4ea2-b39d-049a953e551f] INFO  o.eclipse.m2e.core.internal.Bundles - 	Entry: C:\Users\이해창\.p2\pool\plugins\org.eclipse.m2e.maven.runtime_3.9.700.20240602-2313\jars\plexus-classworlds-2.8.0.jar
2024-07-23 21:02:45,655 [Worker-24: Launching mavenrun-0ec851b3-5bfb-4ea2-b39d-049a953e551f] INFO  o.eclipse.m2e.core.internal.Bundles - 	Entry: C:\Users\이해창\.p2\pool\plugins\org.eclipse.m2e.maven.runtime_3.9.700.20240602-2313\jars\plexus-component-annotations-2.1.0.jar
2024-07-23 21:02:45,655 [Worker-24: Launching mavenrun-0ec851b3-5bfb-4ea2-b39d-049a953e551f] INFO  o.eclipse.m2e.core.internal.Bundles - 	Entry: C:\Users\이해창\.p2\pool\plugins\org.eclipse.m2e.maven.runtime_3.9.700.20240602-2313\jars\plexus-interpolation-1.27.jar
2024-07-23 21:02:45,655 [Worker-24: Launching mavenrun-0ec851b3-5bfb-4ea2-b39d-049a953e551f] INFO  o.eclipse.m2e.core.internal.Bundles - 	Entry: C:\Users\이해창\.p2\pool\plugins\org.eclipse.m2e.maven.runtime_3.9.700.20240602-2313\jars\plexus-sec-dispatcher-2.0.jar
2024-07-23 21:02:45,655 [Worker-24: Launching mavenrun-0ec851b3-5bfb-4ea2-b39d-049a953e551f] INFO  o.eclipse.m2e.core.internal.Bundles - 	Entry: C:\Users\이해창\.p2\pool\plugins\org.eclipse.m2e.maven.runtime_3.9.700.20240602-2313\jars\plexus-utils-3.5.1.jar
2024-07-23 21:02:45,655 [Worker-24: Launching mavenrun-0ec851b3-5bfb-4ea2-b39d-049a953e551f] INFO  o.eclipse.m2e.core.internal.Bundles - 	Entry: C:\Users\이해창\.p2\pool\plugins\org.eclipse.m2e.maven.runtime_3.9.700.20240602-2313\jars\wagon-file-3.5.3.jar
2024-07-23 21:02:45,655 [Worker-24: Launching mavenrun-0ec851b3-5bfb-4ea2-b39d-049a953e551f] INFO  o.eclipse.m2e.core.internal.Bundles - 	Entry: C:\Users\이해창\.p2\pool\plugins\org.eclipse.m2e.maven.runtime_3.9.700.20240602-2313\jars\wagon-http-3.5.3.jar
2024-07-23 21:02:45,655 [Worker-24: Launching mavenrun-0ec851b3-5bfb-4ea2-b39d-049a953e551f] INFO  o.eclipse.m2e.core.internal.Bundles - 	Entry: C:\Users\이해창\.p2\pool\plugins\org.eclipse.m2e.maven.runtime_3.9.700.20240602-2313\jars\wagon-http-shared-3.5.3.jar
2024-07-23 21:02:45,655 [Worker-24: Launching mavenrun-0ec851b3-5bfb-4ea2-b39d-049a953e551f] INFO  o.eclipse.m2e.core.internal.Bundles - 	Entry: C:\Users\이해창\.p2\pool\plugins\org.eclipse.m2e.maven.runtime_3.9.700.20240602-2313\jars\wagon-provider-api-3.5.3.jar
2024-07-23 21:02:45,657 [Worker-24: Launching mavenrun-0ec851b3-5bfb-4ea2-b39d-049a953e551f] INFO  o.eclipse.m2e.core.internal.Bundles - getClasspathEntries(Bundle=com.google.guava_33.2.0.jre [10])
2024-07-23 21:02:45,657 [Worker-24: Launching mavenrun-0ec851b3-5bfb-4ea2-b39d-049a953e551f] INFO  o.eclipse.m2e.core.internal.Bundles - 	Entry: C:\Users\이해창\.p2\pool\plugins\com.google.guava_33.2.0.jre.jar
2024-07-23 21:02:45,658 [Worker-24: Launching mavenrun-0ec851b3-5bfb-4ea2-b39d-049a953e551f] INFO  o.eclipse.m2e.core.internal.Bundles - getClasspathEntries(Bundle=slf4j.api_2.0.13 [520])
2024-07-23 21:02:45,658 [Worker-24: Launching mavenrun-0ec851b3-5bfb-4ea2-b39d-049a953e551f] INFO  o.eclipse.m2e.core.internal.Bundles - 	Entry: C:\Users\이해창\.p2\pool\plugins\slf4j.api_2.0.13.jar
2024-07-23 21:02:45,658 [Worker-24: Launching mavenrun-0ec851b3-5bfb-4ea2-b39d-049a953e551f] INFO  o.eclipse.m2e.core.internal.Bundles - getClasspathEntries(Bundle=jakarta.inject.jakarta.inject-api_1.0.5 [21])
2024-07-23 21:02:45,658 [Worker-24: Launching mavenrun-0ec851b3-5bfb-4ea2-b39d-049a953e551f] INFO  o.eclipse.m2e.core.internal.Bundles - 	Entry: C:\Users\이해창\.p2\pool\plugins\jakarta.inject.jakarta.inject-api_1.0.5.jar
2024-07-23 21:02:45,658 [Worker-24: Launching mavenrun-0ec851b3-5bfb-4ea2-b39d-049a953e551f] INFO  o.eclipse.m2e.core.internal.Bundles - getClasspathEntries(Bundle=javax.annotation_1.3.5.v20200909-1856 [24])
2024-07-23 21:02:45,659 [Worker-24: Launching mavenrun-0ec851b3-5bfb-4ea2-b39d-049a953e551f] INFO  o.eclipse.m2e.core.internal.Bundles - 	Entry: C:\Users\이해창\.p2\pool\plugins\javax.annotation_1.3.5.v20200909-1856.jar
2024-07-23 21:02:45,659 [Worker-24: Launching mavenrun-0ec851b3-5bfb-4ea2-b39d-049a953e551f] INFO  o.eclipse.m2e.core.internal.Bundles - getClasspathEntries(Bundle=org.apache.commons.cli_1.8.0 [47])
2024-07-23 21:02:45,659 [Worker-24: Launching mavenrun-0ec851b3-5bfb-4ea2-b39d-049a953e551f] INFO  o.eclipse.m2e.core.internal.Bundles - 	Entry: C:\Users\이해창\.p2\pool\plugins\org.apache.commons.cli_1.8.0.jar
2024-07-23 21:02:45,659 [Worker-24: Launching mavenrun-0ec851b3-5bfb-4ea2-b39d-049a953e551f] INFO  o.eclipse.m2e.core.internal.Bundles - getClasspathEntries(Bundle=org.apache.commons.commons-codec_1.16.0 [48])
2024-07-23 21:02:45,660 [Worker-24: Launching mavenrun-0ec851b3-5bfb-4ea2-b39d-049a953e551f] INFO  o.eclipse.m2e.core.internal.Bundles - 	Entry: C:\Users\이해창\.p2\pool\plugins\org.apache.commons.commons-codec_1.16.0.jar
2024-07-23 21:02:45,660 [Worker-24: Launching mavenrun-0ec851b3-5bfb-4ea2-b39d-049a953e551f] INFO  o.eclipse.m2e.core.internal.Bundles - getClasspathEntries(Bundle=org.apache.commons.lang3_3.14.0 [54])
2024-07-23 21:02:45,660 [Worker-24: Launching mavenrun-0ec851b3-5bfb-4ea2-b39d-049a953e551f] INFO  o.eclipse.m2e.core.internal.Bundles - 	Entry: C:\Users\이해창\.p2\pool\plugins\org.apache.commons.lang3_3.14.0.jar
2024-07-23 21:02:45,660 [Worker-24: Launching mavenrun-0ec851b3-5bfb-4ea2-b39d-049a953e551f] INFO  o.eclipse.m2e.core.internal.Bundles - getClasspathEntries(Bundle=com.google.guava.failureaccess_1.0.2 [11])
2024-07-23 21:02:45,661 [Worker-24: Launching mavenrun-0ec851b3-5bfb-4ea2-b39d-049a953e551f] INFO  o.eclipse.m2e.core.internal.Bundles - 	Entry: C:\Users\이해창\.p2\pool\plugins\com.google.guava.failureaccess_1.0.2.jar
2024-07-23 21:02:45,664 [Worker-24: Launching mavenrun-0ec851b3-5bfb-4ea2-b39d-049a953e551f] INFO  o.e.m.i.launch.MavenLaunchDelegate - Run build in "C:\Users\이해창\AppData\Local\Temp\m2e-archetypeGenerator3695588534445865652":
2024-07-23 21:02:45,667 [Worker-24: Launching mavenrun-0ec851b3-5bfb-4ea2-b39d-049a953e551f] INFO  o.e.m.i.launch.MavenLaunchDelegate -  mvn  -DarchetypeGroupId=org.apache.maven.archetypes -DarchetypeArtifactId=maven-archetype-quickstart -DarchetypeVersion=1.1 -DgroupId=com.nextstep.web.server -DartifactId=chapter3 -Dversion=0.0.1-SNAPSHOT -Dpackage=com.nextstep.web.server.chapter3 -DoutputDirectory="C:\Users\Eclipse Repository\java-web-programming-nextstep-study" -Dstyle.color=always -U archetype:generate
2024-07-23 22:50:37,778 [Worker-34: Creating project "chapter3"] INFO  o.e.m.c.i.e.AbstractTransferListenerAdapter - Downloading https://repo.maven.apache.org/maven2/org/apache/maven/plugins/maven-resources-plugin/3.3.1/maven-resources-plugin-3.3.1.jar
2024-07-23 22:50:37,806 [Worker-34: Creating project "chapter3"] INFO  o.e.m.c.i.e.AbstractTransferListenerAdapter - Downloaded https://repo.maven.apache.org/maven2/org/apache/maven/plugins/maven-resources-plugin/3.3.1/maven-resources-plugin-3.3.1.jar
2024-07-23 22:50:37,819 [Worker-34: Creating project "chapter3"] INFO  o.e.m.c.i.e.AbstractTransferListenerAdapter - Downloaded https://repo.maven.apache.org/maven2/org/apache/maven/plugins/maven-compiler-plugin/3.13.0/maven-compiler-plugin-3.13.0.jar
2024-07-23 22:50:37,836 [Worker-34: Creating project "chapter3"] INFO  o.e.m.c.i.e.AbstractTransferListenerAdapter - Downloaded https://repo.maven.apache.org/maven2/org/apache/maven/plugins/maven-surefire-plugin/3.2.5/maven-surefire-plugin-3.2.5.jar
2024-07-23 22:50:37,841 [Worker-34: Creating project "chapter3"] INFO  o.e.m.c.i.e.AbstractTransferListenerAdapter - Downloaded https://repo.maven.apache.org/maven2/org/apache/maven/plugins/maven-jar-plugin/3.4.1/maven-jar-plugin-3.4.1.jar
2024-07-23 22:50:38,094 [Worker-34: Creating project "chapter3"] INFO  o.e.m.c.i.e.AbstractTransferListenerAdapter - Downloaded https://repo.maven.apache.org/maven2/org/apache/maven/plugins/maven-compiler-plugin/3.13.0/maven-compiler-plugin-3.13.0.pom
2024-07-23 22:50:38,143 [Worker-34: Creating project "chapter3"] INFO  o.e.m.c.i.l.LifecycleMappingFactory - Using org.eclipse.m2e.jdt.JarLifecycleMapping lifecycle mapping for MavenProject: com.nextstep.web.server:chapter3:0.0.1-SNAPSHOT @ C:\Users\Eclipse Repository\java-web-programming-nextstep-study\chapter3\pom.xml.
2024-07-23 22:50:38,175 [Worker-34: Creating project "chapter3"] INFO  o.e.m.c.i.e.AbstractTransferListenerAdapter - Downloaded https://repo.maven.apache.org/maven2/org/apache/maven/plugins/maven-resources-plugin/3.3.1/maven-resources-plugin-3.3.1.pom
2024-07-23 22:50:39,248 [Worker-30: Launching mavenrun-b5588f35-0648-4715-91ea-905c60b794ff] INFO  o.eclipse.m2e.core.internal.Bundles - getClasspathEntries(Bundle=org.eclipse.m2e.maven.runtime_3.9.700.20240602-2313 [299])
2024-07-23 22:50:39,249 [Worker-30: Launching mavenrun-b5588f35-0648-4715-91ea-905c60b794ff] INFO  o.eclipse.m2e.core.internal.Bundles - 	Entry: C:\Users\이해창\.p2\pool\plugins\org.eclipse.m2e.maven.runtime_3.9.700.20240602-2313
2024-07-23 22:50:39,251 [Worker-30: Launching mavenrun-b5588f35-0648-4715-91ea-905c60b794ff] INFO  o.eclipse.m2e.core.internal.Bundles - 	Entry: C:\Users\이해창\.p2\pool\plugins\org.eclipse.m2e.maven.runtime_3.9.700.20240602-2313\jars\aopalliance-1.0.jar
2024-07-23 22:50:39,253 [Worker-30: Launching mavenrun-b5588f35-0648-4715-91ea-905c60b794ff] INFO  o.eclipse.m2e.core.internal.Bundles - 	Entry: C:\Users\이해창\.p2\pool\plugins\org.eclipse.m2e.maven.runtime_3.9.700.20240602-2313\jars\guice-5.1.0.jar
2024-07-23 22:50:39,253 [Worker-30: Launching mavenrun-b5588f35-0648-4715-91ea-905c60b794ff] INFO  o.eclipse.m2e.core.internal.Bundles - 	Entry: C:\Users\이해창\.p2\pool\plugins\org.eclipse.m2e.maven.runtime_3.9.700.20240602-2313\jars\httpclient-4.5.14.jar
2024-07-23 22:50:39,254 [Worker-30: Launching mavenrun-b5588f35-0648-4715-91ea-905c60b794ff] INFO  o.eclipse.m2e.core.internal.Bundles - 	Entry: C:\Users\이해창\.p2\pool\plugins\org.eclipse.m2e.maven.runtime_3.9.700.20240602-2313\jars\httpcore-4.4.16.jar
2024-07-23 22:50:39,254 [Worker-30: Launching mavenrun-b5588f35-0648-4715-91ea-905c60b794ff] INFO  o.eclipse.m2e.core.internal.Bundles - 	Entry: C:\Users\이해창\.p2\pool\plugins\org.eclipse.m2e.maven.runtime_3.9.700.20240602-2313\jars\jansi-2.4.1.jar
2024-07-23 22:50:39,255 [Worker-30: Launching mavenrun-b5588f35-0648-4715-91ea-905c60b794ff] INFO  o.eclipse.m2e.core.internal.Bundles - 	Entry: C:\Users\이해창\.p2\pool\plugins\org.eclipse.m2e.maven.runtime_3.9.700.20240602-2313\jars\jcl-over-slf4j-1.7.36.jar
2024-07-23 22:50:39,255 [Worker-30: Launching mavenrun-b5588f35-0648-4715-91ea-905c60b794ff] INFO  o.eclipse.m2e.core.internal.Bundles - 	Entry: C:\Users\이해창\.p2\pool\plugins\org.eclipse.m2e.maven.runtime_3.9.700.20240602-2313\jars\maven-artifact-3.9.7.jar
2024-07-23 22:50:39,256 [Worker-30: Launching mavenrun-b5588f35-0648-4715-91ea-905c60b794ff] INFO  o.eclipse.m2e.core.internal.Bundles - 	Entry: C:\Users\이해창\.p2\pool\plugins\org.eclipse.m2e.maven.runtime_3.9.700.20240602-2313\jars\maven-builder-support-3.9.7.jar
2024-07-23 22:50:39,257 [Worker-30: Launching mavenrun-b5588f35-0648-4715-91ea-905c60b794ff] INFO  o.eclipse.m2e.core.internal.Bundles - 	Entry: C:\Users\이해창\.p2\pool\plugins\org.eclipse.m2e.maven.runtime_3.9.700.20240602-2313\jars\maven-compat-3.9.7.jar
2024-07-23 22:50:39,257 [Worker-30: Launching mavenrun-b5588f35-0648-4715-91ea-905c60b794ff] INFO  o.eclipse.m2e.core.internal.Bundles - 	Entry: C:\Users\이해창\.p2\pool\plugins\org.eclipse.m2e.maven.runtime_3.9.700.20240602-2313\jars\maven-core-3.9.7.jar
2024-07-23 22:50:39,257 [Worker-30: Launching mavenrun-b5588f35-0648-4715-91ea-905c60b794ff] INFO  o.eclipse.m2e.core.internal.Bundles - 	Entry: C:\Users\이해창\.p2\pool\plugins\org.eclipse.m2e.maven.runtime_3.9.700.20240602-2313\jars\maven-embedder-3.9.7.jar
2024-07-23 22:50:39,257 [Worker-30: Launching mavenrun-b5588f35-0648-4715-91ea-905c60b794ff] INFO  o.eclipse.m2e.core.internal.Bundles - 	Entry: C:\Users\이해창\.p2\pool\plugins\org.eclipse.m2e.maven.runtime_3.9.700.20240602-2313\jars\maven-model-3.9.7.jar
2024-07-23 22:50:39,258 [Worker-30: Launching mavenrun-b5588f35-0648-4715-91ea-905c60b794ff] INFO  o.eclipse.m2e.core.internal.Bundles - 	Entry: C:\Users\이해창\.p2\pool\plugins\org.eclipse.m2e.maven.runtime_3.9.700.20240602-2313\jars\maven-model-builder-3.9.7.jar
2024-07-23 22:50:39,258 [Worker-30: Launching mavenrun-b5588f35-0648-4715-91ea-905c60b794ff] INFO  o.eclipse.m2e.core.internal.Bundles - 	Entry: C:\Users\이해창\.p2\pool\plugins\org.eclipse.m2e.maven.runtime_3.9.700.20240602-2313\jars\maven-plugin-api-3.9.7.jar
2024-07-23 22:50:39,259 [Worker-30: Launching mavenrun-b5588f35-0648-4715-91ea-905c60b794ff] INFO  o.eclipse.m2e.core.internal.Bundles - 	Entry: C:\Users\이해창\.p2\pool\plugins\org.eclipse.m2e.maven.runtime_3.9.700.20240602-2313\jars\maven-repository-metadata-3.9.7.jar
2024-07-23 22:50:39,259 [Worker-30: Launching mavenrun-b5588f35-0648-4715-91ea-905c60b794ff] INFO  o.eclipse.m2e.core.internal.Bundles - 	Entry: C:\Users\이해창\.p2\pool\plugins\org.eclipse.m2e.maven.runtime_3.9.700.20240602-2313\jars\maven-resolver-api-1.9.20.jar
2024-07-23 22:50:39,260 [Worker-30: Launching mavenrun-b5588f35-0648-4715-91ea-905c60b794ff] INFO  o.eclipse.m2e.core.internal.Bundles - 	Entry: C:\Users\이해창\.p2\pool\plugins\org.eclipse.m2e.maven.runtime_3.9.700.20240602-2313\jars\maven-resolver-connector-basic-1.9.20.jar
2024-07-23 22:50:39,260 [Worker-30: Launching mavenrun-b5588f35-0648-4715-91ea-905c60b794ff] INFO  o.eclipse.m2e.core.internal.Bundles - 	Entry: C:\Users\이해창\.p2\pool\plugins\org.eclipse.m2e.maven.runtime_3.9.700.20240602-2313\jars\maven-resolver-impl-1.9.20.jar
2024-07-23 22:50:39,261 [Worker-30: Launching mavenrun-b5588f35-0648-4715-91ea-905c60b794ff] INFO  o.eclipse.m2e.core.internal.Bundles - 	Entry: C:\Users\이해창\.p2\pool\plugins\org.eclipse.m2e.maven.runtime_3.9.700.20240602-2313\jars\maven-resolver-named-locks-1.9.20.jar
2024-07-23 22:50:39,261 [Worker-30: Launching mavenrun-b5588f35-0648-4715-91ea-905c60b794ff] INFO  o.eclipse.m2e.core.internal.Bundles - 	Entry: C:\Users\이해창\.p2\pool\plugins\org.eclipse.m2e.maven.runtime_3.9.700.20240602-2313\jars\maven-resolver-provider-3.9.7.jar
2024-07-23 22:50:39,262 [Worker-30: Launching mavenrun-b5588f35-0648-4715-91ea-905c60b794ff] INFO  o.eclipse.m2e.core.internal.Bundles - 	Entry: C:\Users\이해창\.p2\pool\plugins\org.eclipse.m2e.maven.runtime_3.9.700.20240602-2313\jars\maven-resolver-spi-1.9.20.jar
2024-07-23 22:50:39,263 [Worker-30: Launching mavenrun-b5588f35-0648-4715-91ea-905c60b794ff] INFO  o.eclipse.m2e.core.internal.Bundles - 	Entry: C:\Users\이해창\.p2\pool\plugins\org.eclipse.m2e.maven.runtime_3.9.700.20240602-2313\jars\maven-resolver-transport-file-1.9.20.jar
2024-07-23 22:50:39,263 [Worker-30: Launching mavenrun-b5588f35-0648-4715-91ea-905c60b794ff] INFO  o.eclipse.m2e.core.internal.Bundles - 	Entry: C:\Users\이해창\.p2\pool\plugins\org.eclipse.m2e.maven.runtime_3.9.700.20240602-2313\jars\maven-resolver-transport-http-1.9.20.jar
2024-07-23 22:50:39,264 [Worker-30: Launching mavenrun-b5588f35-0648-4715-91ea-905c60b794ff] INFO  o.eclipse.m2e.core.internal.Bundles - 	Entry: C:\Users\이해창\.p2\pool\plugins\org.eclipse.m2e.maven.runtime_3.9.700.20240602-2313\jars\maven-resolver-transport-wagon-1.9.20.jar
2024-07-23 22:50:39,265 [Worker-30: Launching mavenrun-b5588f35-0648-4715-91ea-905c60b794ff] INFO  o.eclipse.m2e.core.internal.Bundles - 	Entry: C:\Users\이해창\.p2\pool\plugins\org.eclipse.m2e.maven.runtime_3.9.700.20240602-2313\jars\maven-resolver-util-1.9.20.jar
2024-07-23 22:50:39,265 [Worker-30: Launching mavenrun-b5588f35-0648-4715-91ea-905c60b794ff] INFO  o.eclipse.m2e.core.internal.Bundles - 	Entry: C:\Users\이해창\.p2\pool\plugins\org.eclipse.m2e.maven.runtime_3.9.700.20240602-2313\jars\maven-settings-3.9.7.jar
2024-07-23 22:50:39,265 [Worker-30: Launching mavenrun-b5588f35-0648-4715-91ea-905c60b794ff] INFO  o.eclipse.m2e.core.internal.Bundles - 	Entry: C:\Users\이해창\.p2\pool\plugins\org.eclipse.m2e.maven.runtime_3.9.700.20240602-2313\jars\maven-settings-builder-3.9.7.jar
2024-07-23 22:50:39,267 [Worker-30: Launching mavenrun-b5588f35-0648-4715-91ea-905c60b794ff] INFO  o.eclipse.m2e.core.internal.Bundles - 	Entry: C:\Users\이해창\.p2\pool\plugins\org.eclipse.m2e.maven.runtime_3.9.700.20240602-2313\jars\maven-shared-utils-3.4.2.jar
2024-07-23 22:50:39,267 [Worker-30: Launching mavenrun-b5588f35-0648-4715-91ea-905c60b794ff] INFO  o.eclipse.m2e.core.internal.Bundles - 	Entry: C:\Users\이해창\.p2\pool\plugins\org.eclipse.m2e.maven.runtime_3.9.700.20240602-2313\jars\org.eclipse.sisu.inject-0.9.0.M2.jar
2024-07-23 22:50:39,268 [Worker-30: Launching mavenrun-b5588f35-0648-4715-91ea-905c60b794ff] INFO  o.eclipse.m2e.core.internal.Bundles - 	Entry: C:\Users\이해창\.p2\pool\plugins\org.eclipse.m2e.maven.runtime_3.9.700.20240602-2313\jars\org.eclipse.sisu.plexus-0.9.0.M2.jar
2024-07-23 22:50:39,268 [Worker-30: Launching mavenrun-b5588f35-0648-4715-91ea-905c60b794ff] INFO  o.eclipse.m2e.core.internal.Bundles - 	Entry: C:\Users\이해창\.p2\pool\plugins\org.eclipse.m2e.maven.runtime_3.9.700.20240602-2313\jars\plexus-build-api-0.0.7.jar
2024-07-23 22:50:39,268 [Worker-30: Launching mavenrun-b5588f35-0648-4715-91ea-905c60b794ff] INFO  o.eclipse.m2e.core.internal.Bundles - 	Entry: C:\Users\이해창\.p2\pool\plugins\org.eclipse.m2e.maven.runtime_3.9.700.20240602-2313\jars\plexus-build-api-1.2.0.jar
2024-07-23 22:50:39,269 [Worker-30: Launching mavenrun-b5588f35-0648-4715-91ea-905c60b794ff] INFO  o.eclipse.m2e.core.internal.Bundles - 	Entry: C:\Users\이해창\.p2\pool\plugins\org.eclipse.m2e.maven.runtime_3.9.700.20240602-2313\jars\plexus-cipher-2.0.jar
2024-07-23 22:50:39,270 [Worker-30: Launching mavenrun-b5588f35-0648-4715-91ea-905c60b794ff] INFO  o.eclipse.m2e.core.internal.Bundles - 	Entry: C:\Users\이해창\.p2\pool\plugins\org.eclipse.m2e.maven.runtime_3.9.700.20240602-2313\jars\plexus-classworlds-2.8.0.jar
2024-07-23 22:50:39,271 [Worker-30: Launching mavenrun-b5588f35-0648-4715-91ea-905c60b794ff] INFO  o.eclipse.m2e.core.internal.Bundles - 	Entry: C:\Users\이해창\.p2\pool\plugins\org.eclipse.m2e.maven.runtime_3.9.700.20240602-2313\jars\plexus-component-annotations-2.1.0.jar
2024-07-23 22:50:39,271 [Worker-30: Launching mavenrun-b5588f35-0648-4715-91ea-905c60b794ff] INFO  o.eclipse.m2e.core.internal.Bundles - 	Entry: C:\Users\이해창\.p2\pool\plugins\org.eclipse.m2e.maven.runtime_3.9.700.20240602-2313\jars\plexus-interpolation-1.27.jar
2024-07-23 22:50:39,271 [Worker-30: Launching mavenrun-b5588f35-0648-4715-91ea-905c60b794ff] INFO  o.eclipse.m2e.core.internal.Bundles - 	Entry: C:\Users\이해창\.p2\pool\plugins\org.eclipse.m2e.maven.runtime_3.9.700.20240602-2313\jars\plexus-sec-dispatcher-2.0.jar
2024-07-23 22:50:39,271 [Worker-30: Launching mavenrun-b5588f35-0648-4715-91ea-905c60b794ff] INFO  o.eclipse.m2e.core.internal.Bundles - 	Entry: C:\Users\이해창\.p2\pool\plugins\org.eclipse.m2e.maven.runtime_3.9.700.20240602-2313\jars\plexus-utils-3.5.1.jar
2024-07-23 22:50:39,272 [Worker-30: Launching mavenrun-b5588f35-0648-4715-91ea-905c60b794ff] INFO  o.eclipse.m2e.core.internal.Bundles - 	Entry: C:\Users\이해창\.p2\pool\plugins\org.eclipse.m2e.maven.runtime_3.9.700.20240602-2313\jars\wagon-file-3.5.3.jar
2024-07-23 22:50:39,273 [Worker-30: Launching mavenrun-b5588f35-0648-4715-91ea-905c60b794ff] INFO  o.eclipse.m2e.core.internal.Bundles - 	Entry: C:\Users\이해창\.p2\pool\plugins\org.eclipse.m2e.maven.runtime_3.9.700.20240602-2313\jars\wagon-http-3.5.3.jar
2024-07-23 22:50:39,273 [Worker-30: Launching mavenrun-b5588f35-0648-4715-91ea-905c60b794ff] INFO  o.eclipse.m2e.core.internal.Bundles - 	Entry: C:\Users\이해창\.p2\pool\plugins\org.eclipse.m2e.maven.runtime_3.9.700.20240602-2313\jars\wagon-http-shared-3.5.3.jar
2024-07-23 22:50:39,274 [Worker-30: Launching mavenrun-b5588f35-0648-4715-91ea-905c60b794ff] INFO  o.eclipse.m2e.core.internal.Bundles - 	Entry: C:\Users\이해창\.p2\pool\plugins\org.eclipse.m2e.maven.runtime_3.9.700.20240602-2313\jars\wagon-provider-api-3.5.3.jar
2024-07-23 22:50:39,274 [Worker-30: Launching mavenrun-b5588f35-0648-4715-91ea-905c60b794ff] INFO  o.eclipse.m2e.core.internal.Bundles - getClasspathEntries(Bundle=com.google.guava_33.2.0.jre [10])
2024-07-23 22:50:39,276 [Worker-30: Launching mavenrun-b5588f35-0648-4715-91ea-905c60b794ff] INFO  o.eclipse.m2e.core.internal.Bundles - 	Entry: C:\Users\이해창\.p2\pool\plugins\com.google.guava_33.2.0.jre.jar
2024-07-23 22:50:39,276 [Worker-30: Launching mavenrun-b5588f35-0648-4715-91ea-905c60b794ff] INFO  o.eclipse.m2e.core.internal.Bundles - getClasspathEntries(Bundle=slf4j.api_2.0.13 [520])
2024-07-23 22:50:39,277 [Worker-30: Launching mavenrun-b5588f35-0648-4715-91ea-905c60b794ff] INFO  o.eclipse.m2e.core.internal.Bundles - 	Entry: C:\Users\이해창\.p2\pool\plugins\slf4j.api_2.0.13.jar
2024-07-23 22:50:39,277 [Worker-30: Launching mavenrun-b5588f35-0648-4715-91ea-905c60b794ff] INFO  o.eclipse.m2e.core.internal.Bundles - getClasspathEntries(Bundle=jakarta.inject.jakarta.inject-api_1.0.5 [21])
2024-07-23 22:50:39,278 [Worker-30: Launching mavenrun-b5588f35-0648-4715-91ea-905c60b794ff] INFO  o.eclipse.m2e.core.internal.Bundles - 	Entry: C:\Users\이해창\.p2\pool\plugins\jakarta.inject.jakarta.inject-api_1.0.5.jar
2024-07-23 22:50:39,279 [Worker-30: Launching mavenrun-b5588f35-0648-4715-91ea-905c60b794ff] INFO  o.eclipse.m2e.core.internal.Bundles - getClasspathEntries(Bundle=javax.annotation_1.3.5.v20200909-1856 [24])
2024-07-23 22:50:39,280 [Worker-30: Launching mavenrun-b5588f35-0648-4715-91ea-905c60b794ff] INFO  o.eclipse.m2e.core.internal.Bundles - 	Entry: C:\Users\이해창\.p2\pool\plugins\javax.annotation_1.3.5.v20200909-1856.jar
2024-07-23 22:50:39,280 [Worker-30: Launching mavenrun-b5588f35-0648-4715-91ea-905c60b794ff] INFO  o.eclipse.m2e.core.internal.Bundles - getClasspathEntries(Bundle=org.apache.commons.cli_1.8.0 [47])
2024-07-23 22:50:39,281 [Worker-30: Launching mavenrun-b5588f35-0648-4715-91ea-905c60b794ff] INFO  o.eclipse.m2e.core.internal.Bundles - 	Entry: C:\Users\이해창\.p2\pool\plugins\org.apache.commons.cli_1.8.0.jar
2024-07-23 22:50:39,281 [Worker-30: Launching mavenrun-b5588f35-0648-4715-91ea-905c60b794ff] INFO  o.eclipse.m2e.core.internal.Bundles - getClasspathEntries(Bundle=org.apache.commons.commons-codec_1.16.0 [48])
2024-07-23 22:50:39,282 [Worker-30: Launching mavenrun-b5588f35-0648-4715-91ea-905c60b794ff] INFO  o.eclipse.m2e.core.internal.Bundles - 	Entry: C:\Users\이해창\.p2\pool\plugins\org.apache.commons.commons-codec_1.16.0.jar
2024-07-23 22:50:39,283 [Worker-30: Launching mavenrun-b5588f35-0648-4715-91ea-905c60b794ff] INFO  o.eclipse.m2e.core.internal.Bundles - getClasspathEntries(Bundle=org.apache.commons.lang3_3.14.0 [54])
2024-07-23 22:50:39,284 [Worker-30: Launching mavenrun-b5588f35-0648-4715-91ea-905c60b794ff] INFO  o.eclipse.m2e.core.internal.Bundles - 	Entry: C:\Users\이해창\.p2\pool\plugins\org.apache.commons.lang3_3.14.0.jar
2024-07-23 22:50:39,285 [Worker-30: Launching mavenrun-b5588f35-0648-4715-91ea-905c60b794ff] INFO  o.eclipse.m2e.core.internal.Bundles - getClasspathEntries(Bundle=com.google.guava.failureaccess_1.0.2 [11])
2024-07-23 22:50:39,287 [Worker-30: Launching mavenrun-b5588f35-0648-4715-91ea-905c60b794ff] INFO  o.eclipse.m2e.core.internal.Bundles - 	Entry: C:\Users\이해창\.p2\pool\plugins\com.google.guava.failureaccess_1.0.2.jar
2024-07-23 22:51:12,705 [Worker-2: Loading available Gradle versions] INFO  o.e.b.c.i.u.g.PublishedGradleVersions - Gradle version information cache is up-to-date. Trying to read.
2024-07-23 22:51:47,810 [Worker-2: Loading available Gradle versions] INFO  o.e.b.c.i.u.g.PublishedGradleVersions - Gradle version information cache is up-to-date. Trying to read.
2024-07-23 22:52:58,693 [Worker-15: Creating project "chapter3"] INFO  o.e.m.c.i.l.LifecycleMappingFactory - Using org.eclipse.m2e.jdt.JarLifecycleMapping lifecycle mapping for MavenProject: com.nextstep.web.app:chapter3:0.0.1-SNAPSHOT @ C:\Users\Eclipse Repository\java-web-programming-nextstep-study\chapter3\pom.xml.
2024-08-04 20:42:39,289 [Worker-1: Loading available Gradle versions] INFO  o.e.b.c.i.u.g.PublishedGradleVersions - Gradle version information cache is up-to-date. Trying to read.
2024-08-04 20:43:25,495 [Worker-19: Building] INFO  o.e.m.c.i.l.LifecycleMappingFactory - Using org.eclipse.m2e.jdt.JarLifecycleMapping lifecycle mapping for MavenProject: org.nhnnext:web-application-server:1.0 @ C:\Users\Eclipse Repository\java-web-programming-nextstep-study\chapter3to8\pom.xml.
2024-08-04 20:43:26,779 [Worker-19: Building] INFO  o.a.m.s.f.DefaultMavenResourcesFiltering - Copying 1 resource from src\main\resources to target\classes
2024-08-04 20:43:26,788 [Worker-19: Building] INFO  o.a.m.s.f.DefaultMavenResourcesFiltering - Copying 2 resources from src\test\resources to target\test-classes
2024-08-04 20:43:28,232 [Worker-8: Building] INFO  o.a.m.s.f.DefaultMavenResourcesFiltering - Copying 1 resource from src\main\resources to target\classes
2024-08-04 20:43:28,237 [Worker-8: Building] INFO  o.a.m.s.f.DefaultMavenResourcesFiltering - Copying 2 resources from src\test\resources to target\test-classes
